10:10:38.679 [INFO] Connecting locally to instance AD/ENG.
10:10:39.637 [INFO] Connected to Arcad Server instance AD/ENG version 22.01.00 with CCSID 37
10:10:40.176 [INFO] Starting project synchronization
10:10:41.817 [INFO] Performing automatic dry run from Git repository
10:10:42.456 [INFO] Copying parent version .git repository /ArcADSCM/APP01/01.00.01/.git to /home/BENOIT/APP01
10:10:48.534 [INFO] Fetch output:


Pull output:

Pull:                    50% (1/2)

10:10:48.546 [INFO] Preparing transfer operations
10:10:49.106 [ERROR] 24 mapping(s) not found in application APP01 topology:
	- BLANK
	- BND
	- CBL/*PGM
	- CLLE/*MODULE
	- CLLE/*PGM
	- CMD/*CMD
	- DSPF/*FILE
	- LF/*FILE
	- MENU/*MENU
	- PF/*FILE
	- PNLGRP/*PNLGRP
	- PRTF/*FILE
	- RPG/*PGM
	- RPGLE/*MODULE
	- RPGLE/*PGM
	- SQLPRC
	- SQLRPGLE/*MODULE
	- SQLRPGLE/*PGM
	- SQLSEQ/*SQLSEQ
	- SQLTRG/*SQLTRG
	- SQLUDF/*SQLUDF
	- SYSTRG/*SYSTRG
	- TABLE/*FILE
	- VIEW/*FILE
10:10:49.503 [ERROR] Could not check and load configuration from root directory /home/BENOIT/APP01 on localhost: Automatic dry run failed
10:10:49.503 [ERROR] Configuration check failed: synchronization cannot carry on.
10:10:49.503 [INFO] Duration: 7 second(s)
10:10:49.508 [ERROR] ===== Synchronization report =====
10:10:49.509 [ERROR] === 158 error(s) ===
10:10:49.510 [ERROR] No mapping found for file M06_SRC/QRPGLESRC/DAT002.PGM.RPGLE -> member DAT002 (RPGLE/*PGM) in ARCAD application APP01 topology
10:10:49.510 [ERROR] No mapping found for file M06_SRC/QDDSSRC/ART200D.DSPF -> member ART200D (DSPF/*FILE) in ARCAD application APP01 topology
10:10:49.510 [ERROR] No mapping found for file M06_SRC/QDDSSRC/ORDER2.LF -> member ORDER2 (LF/*FILE) in ARCAD application APP01 topology
10:10:49.510 [ERROR] No mapping found for file M06_SRC/QDDSSRC/PRO200D.DSPF -> member PRO200D (DSPF/*FILE) in ARCAD application APP01 topology
10:10:49.510 [ERROR] No mapping found for file M06_SRC/QDDSSRC/ART250D.DSPF -> member ART250D (DSPF/*FILE) in ARCAD application APP01 topology
10:10:49.510 [ERROR] No mapping found for file M06_SRC/QPROTOSRC/COUNTRY.RPGLE -> member COUNTRY (RPGLE/*MODULE) in ARCAD application APP01 topology
10:10:49.511 [ERROR] No mapping found for file M06_SRC/QDDSSRC/DETORD.PF -> member DETORD (PF/*FILE) in ARCAD application APP01 topology
10:10:49.511 [ERROR] No mapping found for file M06_SRC/QRPGLESRC/PRO301.SQLRPGLE -> member PRO301 (SQLRPGLE/*MODULE) in ARCAD application APP01 topology
10:10:49.511 [ERROR] No mapping found for file M06_SRC/QDDSSRC/ARTICLE.PF -> member ARTICLE (PF/*FILE) in ARCAD application APP01 topology
10:10:49.511 [ERROR] No mapping found for file M06_SRC/QCLSRC/ORD100C.PGM.CLLE -> member ORD100C (CLLE/*PGM) in ARCAD application APP01 topology
10:10:49.511 [ERROR] No mapping found for file M06_SRC/QSQLSRC/ARTIINF.TABLE -> member ARTIINF (TABLE/*FILE) in ARCAD application APP01 topology
10:10:49.511 [ERROR] No mapping found for file M06_SRC/QRPGLESRC/ORD901.PGM.SQLRPGLE -> member ORD901 (SQLRPGLE/*PGM) in ARCAD application APP01 topology
10:10:49.511 [ERROR] No mapping found for file M06_SRC/QRPGLESRC/ART201.PGM.RPGLE -> member ART201 (RPGLE/*PGM) in ARCAD application APP01 topology
10:10:49.511 [ERROR] No mapping found for file M06_SRC/QRPGLESRC/ART301.SQLRPGLE -> member ART301 (SQLRPGLE/*MODULE) in ARCAD application APP01 topology
10:10:49.511 [ERROR] No mapping found for file M06_SRC/QRPGLESRC/ORD202.PGM.RPGLE -> member ORD202 (RPGLE/*PGM) in ARCAD application APP01 topology
10:10:49.512 [ERROR] No mapping found for file M06_SRC/QDDSSRC/CUSTADRE.PF -> member CUSTADRE (PF/*FILE) in ARCAD application APP01 topology
10:10:49.512 [ERROR] No mapping found for file M06_SRC/QDDSSRC/ORDER.PF -> member ORDER (PF/*FILE) in ARCAD application APP01 topology
10:10:49.512 [ERROR] No mapping found for file M06_SRC/QPROTOSRC/COUNTRY.BLANK -> member COUNTRY (BLANK) in ARCAD application APP01 topology
10:10:49.512 [ERROR] No mapping found for file M06_SRC/QDDSSRC/FAMILL1.LF -> member FAMILL1 (LF/*FILE) in ARCAD application APP01 topology
10:10:49.512 [ERROR] No mapping found for file M06_SRC/QDDSSRC/ART301D.DSPF -> member ART301D (DSPF/*FILE) in ARCAD application APP01 topology
10:10:49.513 [ERROR] No mapping found for file M06_SRC/QRPGLESRC/PRO203.PGM.SQLRPGLE -> member PRO203 (SQLRPGLE/*PGM) in ARCAD application APP01 topology
10:10:49.513 [ERROR] No mapping found for file M06_SRC/QSQLSRC/ISOTODATE4.SQLUDF -> member ISOTODATE4 (SQLUDF/*SQLUDF) in ARCAD application APP01 topology
10:10:49.513 [ERROR] No mapping found for file M06_SRC/QCBLSRC/PRO201.CBL -> member PRO201 (CBL/*PGM) in ARCAD application APP01 topology
10:10:49.513 [ERROR] No mapping found for file M06_SRC/QDDSSRC/COUNTRY.PF -> member COUNTRY (PF/*FILE) in ARCAD application APP01 topology
10:10:49.514 [ERROR] No mapping found for file M06_SRC/QDDSSRC/VATDEF.PF -> member VATDEF (PF/*FILE) in ARCAD application APP01 topology
10:10:49.514 [ERROR] No mapping found for file M06_SRC/QRPGLESRC/CUS301.SQLRPGLE -> member CUS301 (SQLRPGLE/*MODULE) in ARCAD application APP01 topology
10:10:49.514 [ERROR] No mapping found for file M06_SRC/QDDSSRC/PRO301D.DSPF -> member PRO301D (DSPF/*FILE) in ARCAD application APP01 topology
10:10:49.514 [ERROR] No mapping found for file M06_SRC/QDDSSRC/FAM301D.DSPF -> member FAM301D (DSPF/*FILE) in ARCAD application APP01 topology
10:10:49.514 [ERROR] No mapping found for file M06_SRC/QDDSSRC/ORD200D.DSPF -> member ORD200D (DSPF/*FILE) in ARCAD application APP01 topology
10:10:49.514 [ERROR] No mapping found for file M06_SRC/QRPGLESRC/ART202.PGM.RPGLE -> member ART202 (RPGLE/*PGM) in ARCAD application APP01 topology
10:10:49.514 [ERROR] No mapping found for file M06_SRC/QSQLSRC/ORDERCUS.VIEW -> member ORDERCUS (VIEW/*FILE) in ARCAD application APP01 topology
10:10:49.514 [ERROR] No mapping found for file M06_SRC/QDDSSRC/CUS250D.DSPF -> member CUS250D (DSPF/*FILE) in ARCAD application APP01 topology
10:10:49.515 [ERROR] No mapping found for file M06_SRC/QCLSRC/ORD500C.PGM.CLLE -> member ORD500C (CLLE/*PGM) in ARCAD application APP01 topology
10:10:49.515 [ERROR] No mapping found for file M06_SRC/QRPGLESRC/VAT300.RPGLE -> member VAT300 (RPGLE/*MODULE) in ARCAD application APP01 topology
10:10:49.515 [ERROR] No mapping found for file M06_SRC/QRPGLESRC/ART200.PGM.SQLRPGLE -> member ART200 (SQLRPGLE/*PGM) in ARCAD application APP01 topology
10:10:49.515 [ERROR] No mapping found for file M06_SRC/QRPGLESRC/CUS200.PGM.SQLRPGLE -> member CUS200 (SQLRPGLE/*PGM) in ARCAD application APP01 topology
10:10:49.515 [ERROR] No mapping found for file M06_SRC/QDDSSRC/SAMREF.PF -> member SAMREF (PF/*FILE) in ARCAD application APP01 topology
10:10:49.515 [ERROR] No mapping found for file M06_SRC/QDDSSRC/ADDRESS.PF -> member ADDRESS (PF/*FILE) in ARCAD application APP01 topology
10:10:49.515 [ERROR] No mapping found for file M06_SRC/QSRVSRC/FARTICLE.BND -> member FARTICLE (BND) in ARCAD application APP01 topology
10:10:49.515 [ERROR] No mapping found for file M06_SRC/QDDSSRC/PROVIDE2.LF -> member PROVIDE2 (LF/*FILE) in ARCAD application APP01 topology
10:10:49.516 [ERROR] No mapping found for file M06_SRC/QDDSSRC/CUSTOME2.LF -> member CUSTOME2 (LF/*FILE) in ARCAD application APP01 topology
10:10:49.516 [ERROR] No mapping found for file M06_SRC/QCMDSRC/CRTORD.CMD -> member CRTORD (CMD/*CMD) in ARCAD application APP01 topology
10:10:49.516 [ERROR] No mapping found for file M06_SRC/QRPGLESRC/ART300.RPGLE -> member ART300 (RPGLE/*MODULE) in ARCAD application APP01 topology
10:10:49.516 [ERROR] No mapping found for file M06_SRC/QSRVSRC/FFAMILLY.BND -> member FFAMILLY (BND) in ARCAD application APP01 topology
10:10:49.516 [ERROR] No mapping found for file M06_SRC/QDDSSRC/CUS200D.DSPF -> member CUS200D (DSPF/*FILE) in ARCAD application APP01 topology
10:10:49.516 [ERROR] No mapping found for file M06_SRC/QDDSSRC/FAMILLY.PF -> member FAMILLY (PF/*FILE) in ARCAD application APP01 topology
10:10:49.516 [ERROR] No mapping found for file M06_SRC/QRPGLESRC/ORD101.PGM.RPGLE -> member ORD101 (RPGLE/*PGM) in ARCAD application APP01 topology
10:10:49.517 [ERROR] No mapping found for file M06_SRC/QRPGLESRC/ART302.SQLRPGLE -> member ART302 (SQLRPGLE/*MODULE) in ARCAD application APP01 topology
10:10:49.517 [ERROR] No mapping found for file M06_SRC/QDDSSRC/ARTIPROV.PF -> member ARTIPROV (PF/*FILE) in ARCAD application APP01 topology
10:10:49.517 [ERROR] No mapping found for file M06_SRC/QRPGLESRC/DAT001.PGM.RPGLE -> member DAT001 (RPGLE/*PGM) in ARCAD application APP01 topology
10:10:49.517 [ERROR] No mapping found for file M06_SRC/QDDSSRC/PARAMETER.PF -> member PARAMETER (PF/*FILE) in ARCAD application APP01 topology
10:10:49.517 [ERROR] No mapping found for file M06_SRC/QDDSSRC/ORD202D.DSPF -> member ORD202D (DSPF/*FILE) in ARCAD application APP01 topology
10:10:49.517 [ERROR] No mapping found for file M06_SRC/QDDSSRC/ORDER1.LF -> member ORDER1 (LF/*FILE) in ARCAD application APP01 topology
10:10:49.517 [ERROR] No mapping found for file M06_SRC/QSQLSRC/ARTLSTDAT.VIEW -> member ARTLSTDAT (VIEW/*FILE) in ARCAD application APP01 topology
10:10:49.517 [ERROR] No mapping found for file M06_SRC/QDDSSRC/ARTICLE1.LF -> member ARTICLE1 (LF/*FILE) in ARCAD application APP01 topology
10:10:49.518 [ERROR] No mapping found for file M06_SRC/QPROTOSRC/PARAMETER.RPGLE -> member PARAMETER (RPGLE/*MODULE) in ARCAD application APP01 topology
10:10:49.518 [ERROR] No mapping found for file M06_SRC/QCMDSRC/CVTSPLPDF.CMD -> member CVTSPLPDF (CMD/*CMD) in ARCAD application APP01 topology
10:10:49.518 [ERROR] No mapping found for file M06_SRC/QDDSSRC/COU200D.DSPF -> member COU200D (DSPF/*FILE) in ARCAD application APP01 topology
10:10:49.518 [ERROR] No mapping found for file M06_SRC/QDDSSRC/COUNTR1.LF -> member COUNTR1 (LF/*FILE) in ARCAD application APP01 topology
10:10:49.518 [ERROR] No mapping found for file M06_SRC/QSQLSRC/ORD701.SQLTRG -> member ORD701 (SQLTRG/*SQLTRG) in ARCAD application APP01 topology
10:10:49.518 [ERROR] No mapping found for file M06_SRC/QRPGLESRC/ORD200.PGM.SQLRPGLE -> member ORD200 (SQLRPGLE/*PGM) in ARCAD application APP01 topology
10:10:49.518 [ERROR] No mapping found for file M06_SRC/QDDSSRC/PRO250D.DSPF -> member PRO250D (DSPF/*FILE) in ARCAD application APP01 topology
10:10:49.518 [ERROR] No mapping found for file M06_SRC/QCLSRC/PAR201.CLLE -> member PAR201 (CLLE/*MODULE) in ARCAD application APP01 topology
10:10:49.519 [ERROR] No mapping found for file M06_SRC/QRPGLESRC/CUS250.PGM.RPGLE -> member CUS250 (RPGLE/*PGM) in ARCAD application APP01 topology
10:10:49.519 [ERROR] No mapping found for file M06_SRC/QPROTOSRC/PROVIDER.BLANK -> member PROVIDER (BLANK) in ARCAD application APP01 topology
10:10:49.519 [ERROR] No mapping found for file M06_SRC/QDDSSRC/ARTIPRO2.LF -> member ARTIPRO2 (LF/*FILE) in ARCAD application APP01 topology
10:10:49.519 [ERROR] No mapping found for file M06_SRC/QRPGLESRC/PAR300.RPGLE -> member PAR300 (RPGLE/*MODULE) in ARCAD application APP01 topology
10:10:49.519 [ERROR] No mapping found for file M06_SRC/QDDSSRC/ARTIPRO1.LF -> member ARTIPRO1 (LF/*FILE) in ARCAD application APP01 topology
10:10:49.519 [ERROR] No mapping found for file M06_SRC/QDDSSRC/PROVIDER.PF -> member PROVIDER (PF/*FILE) in ARCAD application APP01 topology
10:10:49.519 [ERROR] No mapping found for file M06_SRC/QPROTOSRC/ARTICLE.BLANK -> member ARTICLE (BLANK) in ARCAD application APP01 topology
10:10:49.519 [ERROR] No mapping found for file M06_SRC/QPROTOSRC/CUSTOMER.BLANK -> member CUSTOMER (BLANK) in ARCAD application APP01 topology
10:10:49.520 [ERROR] No mapping found for file M06_SRC/QSQLSRC/ISOTODATE.SQLUDF -> member ISOTODATE (SQLUDF/*SQLUDF) in ARCAD application APP01 topology
10:10:49.520 [ERROR] No mapping found for file M06_SRC/QPROTOSRC/LOG.RPGLE -> member LOG (RPGLE/*MODULE) in ARCAD application APP01 topology
10:10:49.520 [ERROR] No mapping found for file M06_SRC/QPROTOSRC/FAMILLY.RPGLE -> member FAMILLY (RPGLE/*MODULE) in ARCAD application APP01 topology
10:10:49.520 [ERROR] No mapping found for file M06_SRC/QRPGLESRC/LOG100.PGM.RPGLE -> member LOG100 (RPGLE/*PGM) in ARCAD application APP01 topology
10:10:49.520 [ERROR] No mapping found for file M06_SRC/QRPGLESRC/FAM300.RPGLE -> member FAM300 (RPGLE/*MODULE) in ARCAD application APP01 topology
10:10:49.520 [ERROR] No mapping found for file M06_SRC/QSRVSRC/FVAT.BND -> member FVAT (BND) in ARCAD application APP01 topology
10:10:49.521 [ERROR] No mapping found for file M06_SRC/QDDSSRC/ORD500O.PRTF -> member ORD500O (PRTF/*FILE) in ARCAD application APP01 topology
10:10:49.521 [ERROR] No mapping found for file M06_SRC/QRPGLESRC/COU301.RPGLE -> member COU301 (RPGLE/*MODULE) in ARCAD application APP01 topology
10:10:49.521 [ERROR] No mapping found for file M06_SRC/QPROTOSRC/ARTICLE.RPGLE -> member ARTICLE (RPGLE/*MODULE) in ARCAD application APP01 topology
10:10:49.522 [ERROR] No mapping found for file M06_SRC/QSRVSRC/FCUSTOMER.BND -> member FCUSTOMER (BND) in ARCAD application APP01 topology
10:10:49.522 [ERROR] No mapping found for file M06_SRC/QDDSSRC/ORD201D.DSPF -> member ORD201D (DSPF/*FILE) in ARCAD application APP01 topology
10:10:49.522 [ERROR] No mapping found for file M06_SRC/QPROTOSRC/VAT.RPGLE -> member VAT (RPGLE/*MODULE) in ARCAD application APP01 topology
10:10:49.522 [ERROR] No mapping found for file M06_SRC/QDDSSRC/ORDER3.LF -> member ORDER3 (LF/*FILE) in ARCAD application APP01 topology
10:10:49.522 [ERROR] No mapping found for file M06_SRC/QPROTOSRC/PROVIDER.RPGLE -> member PROVIDER (RPGLE/*MODULE) in ARCAD application APP01 topology
10:10:49.522 [ERROR] No mapping found for file M06_SRC/QRPGLESRC/PAR200.PGM.RPGLE -> member PAR200 (RPGLE/*PGM) in ARCAD application APP01 topology
10:10:49.522 [ERROR] No mapping found for file M06_SRC/QRPGLESRC/PRO300.RPGLE -> member PRO300 (RPGLE/*MODULE) in ARCAD application APP01 topology
10:10:49.522 [ERROR] No mapping found for file M06_SRC/QCLSRC/ORD100C2.PGM.CLLE -> member ORD100C2 (CLLE/*PGM) in ARCAD application APP01 topology
10:10:49.523 [ERROR] No mapping found for file M06_SRC/QPNLSRC/SAMHELP.PNLGRP -> member SAMHELP (PNLGRP/*PNLGRP) in ARCAD application APP01 topology
10:10:49.523 [ERROR] No mapping found for file M06_SRC/QRPGSRC/COU200.RPG -> member COU200 (RPG/*PGM) in ARCAD application APP01 topology
10:10:49.523 [ERROR] No mapping found for file M06_SRC/QPROTOSRC/APICALL.RPGLE -> member APICALL (RPGLE/*MODULE) in ARCAD application APP01 topology
10:10:49.523 [ERROR] No mapping found for file M06_SRC/QTRGSRC/ORD700D.SYSTRG -> member ORD700D (SYSTRG/*SYSTRG) in ARCAD application APP01 topology
10:10:49.523 [ERROR] No mapping found for file M06_SRC/QPROTOSRC/LOG.BLANK -> member LOG (BLANK) in ARCAD application APP01 topology
10:10:49.523 [ERROR] No mapping found for file M06_SRC/QDDSSRC/CUSTOME1.LF -> member CUSTOME1 (LF/*FILE) in ARCAD application APP01 topology
10:10:49.523 [ERROR] No mapping found for file M06_SRC/QPROTOSRC/CUSTOMER.RPGLE -> member CUSTOMER (RPGLE/*MODULE) in ARCAD application APP01 topology
10:10:49.523 [ERROR] No mapping found for file M06_SRC/QSRVSRC/FCOUNTRY.BND -> member FCOUNTRY (BND) in ARCAD application APP01 topology
10:10:49.524 [ERROR] No mapping found for file M06_SRC/QRPGLESRC/CUS300.RPGLE -> member CUS300 (RPGLE/*MODULE) in ARCAD application APP01 topology
10:10:49.524 [ERROR] No mapping found for file M06_SRC/QRPGLESRC/COU300.RPGLE -> member COU300 (RPGLE/*MODULE) in ARCAD application APP01 topology
10:10:49.524 [ERROR] No mapping found for file M06_SRC/QRPGLESRC/ORD100.PGM.RPGLE -> member ORD100 (RPGLE/*PGM) in ARCAD application APP01 topology
10:10:49.524 [ERROR] No mapping found for file M06_SRC/QRPGLESRC/ART250.PGM.SQLRPGLE -> member ART250 (SQLRPGLE/*PGM) in ARCAD application APP01 topology
10:10:49.524 [ERROR] No mapping found for file M06_SRC/QDDSSRC/ART202D.DSPF -> member ART202D (DSPF/*FILE) in ARCAD application APP01 topology
10:10:49.524 [ERROR] No mapping found for file M06_SRC/QRPGLESRC/PRO250.PGM.RPGLE -> member PRO250 (RPGLE/*PGM) in ARCAD application APP01 topology
10:10:49.524 [ERROR] No mapping found for file M06_SRC/QDDSSRC/PRO202D.DSPF -> member PRO202D (DSPF/*FILE) in ARCAD application APP01 topology
10:10:49.524 [ERROR] No mapping found for file M06_SRC/QDDSSRC/ARTICLE2.LF -> member ARTICLE2 (LF/*FILE) in ARCAD application APP01 topology
10:10:49.525 [ERROR] No mapping found for file M06_SRC/QDDSSRC/CUS301D.DSPF -> member CUS301D (DSPF/*FILE) in ARCAD application APP01 topology
10:10:49.525 [ERROR] No mapping found for file M06_SRC/QRPGLESRC/ORD700.PGM.RPGLE -> member ORD700 (RPGLE/*PGM) in ARCAD application APP01 topology
10:10:49.525 [ERROR] No mapping found for file M06_SRC/QSRVSRC/FPROVIDER.BND -> member FPROVIDER (BND) in ARCAD application APP01 topology
10:10:49.525 [ERROR] No mapping found for file M06_SRC/QDDSSRC/COU301D.DSPF -> member COU301D (DSPF/*FILE) in ARCAD application APP01 topology
10:10:49.525 [ERROR] No mapping found for file M06_SRC/QDDSSRC/ORD101D.DSPF -> member ORD101D (DSPF/*FILE) in ARCAD application APP01 topology
10:10:49.525 [ERROR] No mapping found for file M06_SRC/QPROTOSRC/PARAMETER.BLANK -> member PARAMETER (BLANK) in ARCAD application APP01 topology
10:10:49.525 [ERROR] No mapping found for file M06_SRC/QRPGLESRC/LOG300.RPGLE -> member LOG300 (RPGLE/*MODULE) in ARCAD application APP01 topology
10:10:49.525 [ERROR] No mapping found for file M06_SRC/QRPGLESRC/ORD500.PGM.RPGLE -> member ORD500 (RPGLE/*PGM) in ARCAD application APP01 topology
10:10:49.526 [ERROR] No mapping found for file M06_SRC/QRPGLESRC/ORD202.BLANK -> member ORD202 (BLANK) in ARCAD application APP01 topology
10:10:49.526 [ERROR] No mapping found for file M06_SRC/QPNLSRC/SAMMNU.MENU -> member SAMMNU (MENU/*MENU) in ARCAD application APP01 topology
10:10:49.526 [ERROR] No mapping found for file M06_SRC/QPROTOSRC/FAMILLY.BLANK -> member FAMILLY (BLANK) in ARCAD application APP01 topology
10:10:49.526 [ERROR] No mapping found for file M06_SRC/QDDSSRC/ART201D.DSPF -> member ART201D (DSPF/*FILE) in ARCAD application APP01 topology
10:10:49.526 [ERROR] No mapping found for file M06_SRC/QSQLSRC/CUSSEQ.SQLSEQ -> member CUSSEQ (SQLSEQ/*SQLSEQ) in ARCAD application APP01 topology
10:10:49.526 [ERROR] No mapping found for file M06_SRC/QDDSSRC/CUSTOMER.PF -> member CUSTOMER (PF/*FILE) in ARCAD application APP01 topology
10:10:49.526 [ERROR] No mapping found for file M06_SRC/QPROTOSRC/VAT.BLANK -> member VAT (BLANK) in ARCAD application APP01 topology
10:10:49.526 [ERROR] No mapping found for file M06_SRC/QDDSSRC/ORD100D.DSPF -> member ORD100D (DSPF/*FILE) in ARCAD application APP01 topology
10:10:49.527 [ERROR] No mapping found for file M06_SRC/QDDSSRC/DETORD1.LF -> member DETORD1 (LF/*FILE) in ARCAD application APP01 topology
10:10:49.527 [ERROR] No mapping found for file M06_SRC/QRPGLESRC/PRO200.RPGLE -> member PRO200 (RPGLE/*MODULE) in ARCAD application APP01 topology
10:10:49.527 [ERROR] No mapping found for file M06_SRC/QDDSSRC/PRO201D.DSPF -> member PRO201D (DSPF/*FILE) in ARCAD application APP01 topology
10:10:49.527 [ERROR] No mapping found for file M06_SRC/QTRGSRC/ORD700A.SYSTRG -> member ORD700A (SYSTRG/*SYSTRG) in ARCAD application APP01 topology
10:10:49.527 [ERROR] No mapping found for file M06_SRC/QPROTOSRC/APICALL.BLANK -> member APICALL (BLANK) in ARCAD application APP01 topology
10:10:49.527 [ERROR] No mapping found for file M06_SRC/QRPGLESRC/PRO202.SQLRPGLE -> member PRO202 (SQLRPGLE/*MODULE) in ARCAD application APP01 topology
10:10:49.527 [ERROR] No mapping found for file M06_SRC/QTRGSRC/ORD700U.SYSTRG -> member ORD700U (SYSTRG/*SYSTRG) in ARCAD application APP01 topology
10:10:49.527 [ERROR] No mapping found for file M06_SRC/QRPGLESRC/ORD900.PGM.RPGLE -> member ORD900 (RPGLE/*PGM) in ARCAD application APP01 topology
10:10:49.528 [ERROR] No mapping found for file M06_SRC/QRPGLESRC/ORD201.PGM.SQLRPGLE -> member ORD201 (SQLRPGLE/*PGM) in ARCAD application APP01 topology
10:10:49.528 [ERROR] No mapping found for file M06_SRC/QRPGLESRC/FAM301.RPGLE -> member FAM301 (RPGLE/*MODULE) in ARCAD application APP01 topology
10:10:49.528 [ERROR] No mapping found for file M06_SRC/QDDSSRC/PROVIDE1.LF -> member PROVIDE1 (LF/*FILE) in ARCAD application APP01 topology
10:10:49.528 [ERROR] No mapping found for file M06_SRC/QDDSSRC/PAR200D.DSPF -> member PAR200D (DSPF/*FILE) in ARCAD application APP01 topology
10:10:49.528 [ERROR] No mapping found for file M06_SRC/QSQLSRC/ART801.SQLPRC -> member ART801 (SQLPRC) in ARCAD application APP01 topology
10:10:49.528 [ERROR] Missing mapping BLANK
10:10:49.528 [ERROR] Missing mapping BND
10:10:49.528 [ERROR] Missing mapping CBL/*PGM
10:10:49.529 [ERROR] Missing mapping CLLE/*MODULE
10:10:49.529 [ERROR] Missing mapping CLLE/*PGM
10:10:49.529 [ERROR] Missing mapping CMD/*CMD
10:10:49.529 [ERROR] Missing mapping DSPF/*FILE
10:10:49.529 [ERROR] Missing mapping LF/*FILE
10:10:49.529 [ERROR] Missing mapping MENU/*MENU
10:10:49.529 [ERROR] Missing mapping PF/*FILE
10:10:49.530 [ERROR] Missing mapping PNLGRP/*PNLGRP
10:10:49.530 [ERROR] Missing mapping PRTF/*FILE
10:10:49.530 [ERROR] Missing mapping RPG/*PGM
10:10:49.530 [ERROR] Missing mapping RPGLE/*MODULE
10:10:49.530 [ERROR] Missing mapping RPGLE/*PGM
10:10:49.530 [ERROR] Missing mapping SQLPRC
10:10:49.530 [ERROR] Missing mapping SQLRPGLE/*MODULE
10:10:49.530 [ERROR] Missing mapping SQLRPGLE/*PGM
10:10:49.531 [ERROR] Missing mapping SQLSEQ/*SQLSEQ
10:10:49.531 [ERROR] Missing mapping SQLTRG/*SQLTRG
10:10:49.531 [ERROR] Missing mapping SQLUDF/*SQLUDF
10:10:49.531 [ERROR] Missing mapping SYSTRG/*SYSTRG
10:10:49.531 [ERROR] Missing mapping TABLE/*FILE
10:10:49.531 [ERROR] Missing mapping VIEW/*FILE
10:10:49.531 [ERROR] Configuration error: Could not check and load configuration from root directory /home/BENOIT/APP01 on localhost: Automatic dry run failed
10:10:49.531 [ERROR] ===== End of synchronization report =====
10:10:49.533 [ERROR] Failed to synchronize project with version APP01 DEV SB.00.01
